[2025-11-18T09:54:17.415348+01:00] name.WARNING: Se ha guardado una imagen: 1763456057_Captura de pantalla 2025-04-22 221414.png [] []
[2025-11-18T09:58:27.916105+01:00] name.WARNING: Se ha guardado una imagen: Captura de pantalla 2025-04-07 191122.png [] []
[2025-11-18T11:58:45.472360+01:00] name.WARNING: Se ha guardado una imagen: Captura de pantalla 2025-04-01 220856.png [] []
[2025-11-18T12:33:39.481795+01:00] name.WARNING: Se ha guardado una imagen: Captura de pantalla 2025-04-06 202308.png [] []
[2025-11-18T12:36:23.287794+01:00] name.WARNING: Se ha guardado una imagen: Captura de pantalla 2025-04-06 202308.png [] []
[2025-11-18T14:56:46.421552+01:00] name.WARNING: Se ha guardado una imagen: Captura de pantalla 2025-04-06 202308.png [] []
[2025-11-18T16:17:07.735322+01:00] name.WARNING: Se ha creado el usuario: eric [] []
[2025-11-18T16:19:35.596288+01:00] name.WARNING: Se ha creado el usuario: eric [] []
[2025-11-18T17:26:00.351662+01:00] name.WARNING: Se ha guardado una imagen: Captura de pantalla 2025-04-05 223829.png [] []
[2025-11-18T17:26:30.884387+01:00] name.WARNING: Se ha guardado una imagen: Captura de pantalla 2025-04-03 191105.png [] []
[2025-11-18T18:35:03.989564+01:00] name.WARNING: Se ha creado el usuario: user [] []
[2025-11-18T19:50:58.813985+01:00] name.WARNING: Se ha guardado una imagen: Captura de pantalla 2025-04-06 202308.png [] []
[2025-11-18T21:13:50.172082+01:00] name.WARNING: Se ha guardado una imagen: 1763496830_Captura de pantalla 2025-04-06 202308.png [] []
[2025-11-18T21:14:02.668123+01:00] name.WARNING: Se ha guardado una imagen: Captura de pantalla 2025-04-04 151839.png [] []
[2025-11-19T09:38:59.100882+01:00] name.WARNING: Se ha guardado una imagen: Captura de pantalla 2025-05-06 190851.png [] []
[2025-11-19T12:01:03.202136+01:00] name.WARNING: Se ha guardado una imagen: Captura de pantalla 2025-04-07 190740.png [] []
[2025-11-19T12:30:00.147197+01:00] name.WARNING: Se ha guardado una imagen: 1763551800_Captura de pantalla 2025-04-05 223829.png [] []
[2025-11-19T16:00:24.355599+01:00] name.WARNING: Se ha guardado una imagen: Captura de pantalla 2025-04-06 204713.png [] []
[2025-11-19T16:57:45.819675+01:00] name.WARNING: Se ha guardado una imagen: 1763567865_Captura de pantalla 2025-04-05 223829.png [] []
[2025-11-19T16:58:58.181954+01:00] name.WARNING: Se ha guardado una imagen: Captura de pantalla 2025-04-22 190115.png [] []
[2025-11-19T17:01:57.233804+01:00] name.WARNING: Se ha creado el usuario: admin [] []
[2025-11-19T17:17:37.912898+01:00] name.WARNING: Se ha guardado una imagen: Captura de pantalla 2025-04-08 173252.png [] []
[2025-11-19T17:21:50.922669+01:00] name.WARNING: Se ha guardado una imagen: Captura de pantalla 2025-04-03 191302.png [] []
[2025-11-19T17:24:18.088761+01:00] name.WARNING: Se ha guardado una imagen: 1763569458_1.jpg [] []
[2025-11-19T18:31:08.118929+01:00] name.WARNING: Se ha guardado una imagen: Captura de pantalla 2025-04-01 220856.png [] []
[2025-11-19T18:46:24.616527+01:00] name.WARNING: Se ha guardado una imagen: Captura de pantalla 2025-04-06 205109.png [] []
